e:\bwapi\exampleaimodule\debug\collections.obj
e:\bwapi\exampleaimodule\debug\exampleaimodule.obj
e:\bwapi\exampleaimodule\debug\scoutmanager.obj
e:\bwapi\exampleaimodule\debug\workermanager.obj
e:\bwapi\exampleaimodule\debug\battlehorde.obj
e:\bwapi\exampleaimodule\debug\lordcommander.obj
e:\bwapi\exampleaimodule\debug\orderqueue.obj
e:\bwapi\exampleaimodule\debug\unittimemanager.obj
e:\bwapi\exampleaimodule\debug\armyorder.obj
e:\bwapi\exampleaimodule\debug\dll.obj
e:\bwapi\exampleaimodule\debug\ordertype.obj
e:\bwapi\exampleaimodule\debug\targetmanager.obj
e:\bwapi\exampleaimodule\debug\buidingmanager.obj
e:\bwapi\exampleaimodule\debug\informationmanager.obj
e:\bwapi\exampleaimodule\debug\micro.obj
e:\bwapi\exampleaimodule\debug\staticorder.obj
e:\bwapi\exampleaimodule\debug\vc120.pdb
e:\bwapi\exampleaimodule\debug\exampleaimodule.exp
e:\bwapi\exampleaimodule\debug\exampleaimodule.tlog\cl.command.1.tlog
e:\bwapi\exampleaimodule\debug\exampleaimodule.tlog\cl.read.1.tlog
e:\bwapi\exampleaimodule\debug\exampleaimodule.tlog\cl.write.1.tlog
e:\bwapi\exampleaimodule\debug\exampleaimodule.tlog\link.9456.read.1.tlog
e:\bwapi\exampleaimodule\debug\exampleaimodule.tlog\link.9456.write.1.tlog
e:\bwapi\exampleaimodule\debug\exampleaimodule.tlog\link.command.1.tlog
e:\bwapi\exampleaimodule\debug\exampleaimodule.tlog\link.read.1.tlog
e:\bwapi\exampleaimodule\debug\exampleaimodule.tlog\link.write.1.tlog
