Build started 6/18/2016 1:06:45 AM.
     1>Project "E:\BWAPI\ExampleAIModule\ExampleAIModule.vcxproj" on node 2 (Build target(s)).
     1>ClCompile:
         C:\Program Files (x86)\Microsoft Visual Studio 12.0\VC\bin\CL.exe /c /I../include /Zi /nologo /W3 /WX- /MP /O2 /Oi /Oy- /GL /D NOMINMAX /D WIN32 /D NDEBUG /D _WINDOWS /D _USRDLL /D EXAMPLEAIMODULE_EXPORTS /D _WINDLL /Gm- /EHsc /MD /GS /Gy /fp:precise /Zc:wchar_t /Zc:forScope /Fo"Release\\" /Fd"Release\vc120.pdb" /Gd /TP /analyze- /errorReport:prompt Source\ArmyOrder.cpp Source\BattleHorde.cpp Source\BuidingManager.cpp Source\Collections.cpp Source\Dll.cpp Source\ExampleAIModule.cpp Source\InformationManager.cpp Source\LordCommander.cpp Source\Micro.cpp Source\OrderQueue.cpp Source\OrderType.cpp Source\ScoutManager.cpp Source\StaticOrder.cpp Source\TargetManager.cpp Source\UnitTimeManager.cpp Source\WorkerManager.cpp
         ArmyOrder.cpp
         BattleHorde.cpp
         BuidingManager.cpp
         Collections.cpp
     1>Source\ArmyOrder.cpp(50): warning C4018: '<' : signed/unsigned mismatch
     1>Source\ArmyOrder.cpp(72): warning C4018: '<' : signed/unsigned mismatch
     1>Source\ArmyOrder.cpp(103): warning C4018: '<' : signed/unsigned mismatch
     1>Source\ArmyOrder.cpp(125): warning C4018: '<' : signed/unsigned mismatch
     1>Source\BattleHorde.cpp(115): warning C4800: 'BWAPI::Unit' : forcing value to bool 'true' or 'false' (performance warning)
     1>Source\BattleHorde.cpp(102): warning C4101: 'cooldown' : unreferenced local variable
         Dll.cpp
         ExampleAIModule.cpp
         InformationManager.cpp
         LordCommander.cpp
         Micro.cpp
         OrderQueue.cpp
         OrderType.cpp
         ScoutManager.cpp
         StaticOrder.cpp
     1>Source\OrderQueue.cpp(319): warning C4018: '<' : signed/unsigned mismatch
         TargetManager.cpp
         UnitTimeManager.cpp
         WorkerManager.cpp
     1>Source\TargetManager.cpp(49): warning C4244: '=' : conversion from 'double' to 'float', possible loss of data
     1>Source\TargetManager.cpp(59): warning C4800: 'BWAPI::Unit' : forcing value to bool 'true' or 'false' (performance warning)
     1>Source\TargetManager.cpp(75): warning C4800: 'BWAPI::Unit' : forcing value to bool 'true' or 'false' (performance warning)
       Link:
         C:\Program Files (x86)\Microsoft Visual Studio 12.0\VC\bin\link.exe /ERRORREPORT:PROMPT /OUT:"E:\BWAPI\Release\ExampleAIModule.dll" /INCREMENTAL:NO /NOLOGO ../lib/BWAPI.lib ../lib/BWTA.lib "../lib/libboost_thread-vc120-mt-1_56.lib" "../lib/libboost_system-vc120-mt-1_56.lib" "../lib/libboost_filesystem-vc120-mt-1_56.lib" "../lib/libCGAL-vc120-mt-4.4.lib" "../lib/libgmp-10.lib" "../lib/libmpfr-4.lib" kernel32.lib user32.lib gdi32.lib winspool.lib comdlg32.lib advapi32.lib shell32.lib ole32.lib oleaut32.lib uuid.lib odbc32.lib odbccp32.lib /MANIFEST /MANIFESTUAC:"level='asInvoker' uiAccess='false'" /manifest:embed /DEBUG /PDB:"E:\BWAPI\Release\ExampleAIModule.pdb" /SUBSYSTEM:WINDOWS /OPT:REF /OPT:ICF /LTCG /TLBID:1 /DYNAMICBASE /NXCOMPAT /IMPLIB:"Release\ExampleAIModule.lib" /MACHINE:X86 /SAFESEH /DLL Release\ArmyOrder.obj
         Release\BattleHorde.obj
         Release\BuidingManager.obj
         Release\Collections.obj
         Release\Dll.obj
         Release\ExampleAIModule.obj
         Release\InformationManager.obj
         Release\LordCommander.obj
         Release\Micro.obj
         Release\OrderQueue.obj
         Release\OrderType.obj
         Release\ScoutManager.obj
         Release\StaticOrder.obj
         Release\TargetManager.obj
         Release\UnitTimeManager.obj
         Release\WorkerManager.obj
            Creating library Release\ExampleAIModule.lib and object Release\ExampleAIModule.exp
         Generating code
     1>e:\bwapi\exampleaimodule\source\exampleaimodule.cpp(618): warning C4715: 'ExampleAIModule::createNexus' : not all control paths return a value
         Finished generating code
         ExampleAIModule.vcxproj -> E:\BWAPI\Release\ExampleAIModule.dll
     1>Done Building Project "E:\BWAPI\ExampleAIModule\ExampleAIModule.vcxproj" (Build target(s)).

Build succeeded.

Time Elapsed 00:00:19.98
